<?xml version="1.0" encoding="UTF-8"?>
<testng-results ignored="0" total="1" passed="1" failed="0" skipped="0">
  <reporter-output>
  </reporter-output>
  <suite started-at="2022-04-30T12:19:36 PDT" name="Default suite" finished-at="2022-04-30T12:20:33 PDT" duration-ms="57414">
    <groups>
    </groups>
    <test started-at="2022-04-30T12:19:36 PDT" name="Default test" finished-at="2022-04-30T12:20:33 PDT" duration-ms="57414">
      <class name="BHigh.Inputoutput">
        <test-method is-config="true" signature="beforeTest()[pri:0, instance:BHigh.Inputoutput@741a8937]" started-at="2022-04-30T12:19:36 PDT" name="beforeTest" finished-at="2022-04-30T12:19:42 PDT" duration-ms="6165" status="PASS">
          <reporter-output>
          </reporter-output>
        </test-method> <!-- beforeTest -->
        <test-method signature="havinfun()[pri:0, instance:BHigh.Inputoutput@741a8937]" started-at="2022-04-30T12:19:42 PDT" name="havinfun" finished-at="2022-04-30T12:20:33 PDT" duration-ms="51172" status="PASS">
          <reporter-output>
          </reporter-output>
        </test-method> <!-- havinfun -->
        <test-method is-config="true" signature="afterTest()[pri:0, instance:BHigh.Inputoutput@741a8937]" started-at="2022-04-30T12:20:33 PDT" name="afterTest" finished-at="2022-04-30T12:20:33 PDT" duration-ms="1" status="PASS">
          <reporter-output>
          </reporter-output>
        </test-method> <!-- afterTest -->
      </class> <!-- BHigh.Inputoutput -->
    </test> <!-- Default test -->
  </suite> <!-- Default suite -->
</testng-results>
